{
  "RSpec": {
    "coverage": {
      "/Users/JonathanThom/Desktop/pr-city/spec/controllers/home_controller_spec.rb": [
        1,
        null,
        1,
        null,
        null
      ],
      "/Users/JonathanThom/Desktop/pr-city/spec/rails_helper.rb": [
        null,
        1,
        1,
        null,
        1,
        1,
        1,
        1,
        1,
        1,
        1,
        1,
        null,
        null,
        null,
        null,
        null,
        null,
        null,
        null,
        null,
        null,
        null,
        null,
        null,
        null,
        null,
        null,
        null,
        null,
        null,
        1,
        null,
        1,
        null,
        1,
        1,
        null,
        null,
        null,
        null,
        1,
        null,
        1,
        1,
        null,
        null,
        1,
        9,
        9,
        null,
        null,
        null,
        null,
        null,
        null,
        null,
        null,
        null,
        null,
        null,
        null,
        null,
        null,
        null,
        1,
        null,
        null,
        1,
        null,
        null,
        null,
        null,
        1,
        1,
        1,
        1,
        null,
        null
      ],
      "/Users/JonathanThom/Desktop/pr-city/config/environment.rb": [
        null,
        1,
        null,
        null,
        1
      ],
      "/Users/JonathanThom/Desktop/pr-city/config/application.rb": [
        1,
        null,
        1,
        null,
        1,
        1,
        1,
        1,
        1,
        1,
        1,
        1,
        null,
        null,
        null,
        null,
        1,
        null,
        1,
        1,
        null,
        null,
        null,
        null,
        null
      ],
      "/Users/JonathanThom/Desktop/pr-city/config/boot.rb": [
        1,
        null,
        1
      ],
      "/Users/JonathanThom/Desktop/pr-city/config/spring.rb": [
        null,
        null,
        null,
        null,
        null,
        5
      ],
      "/Users/JonathanThom/Desktop/pr-city/config/environments/test.rb": [
        1,
        null,
        null,
        null,
        null,
        null,
        null,
        1,
        null,
        null,
        null,
        null,
        1,
        null,
        null,
        1,
        1,
        null,
        null,
        null,
        null,
        1,
        1,
        null,
        null,
        1,
        null,
        null,
        1,
        1,
        null,
        null,
        null,
        null,
        1,
        null,
        null,
        1,
        null,
        null,
        null,
        null
      ],
      "/Users/JonathanThom/Desktop/pr-city/config/initializers/application_controller_renderer.rb": [
        null,
        null,
        null,
        null,
        null,
        null
      ],
      "/Users/JonathanThom/Desktop/pr-city/config/initializers/assets.rb": [
        null,
        null,
        null,
        1,
        null,
        null,
        null,
        null,
        null,
        null,
        null
      ],
      "/Users/JonathanThom/Desktop/pr-city/config/initializers/backtrace_silencers.rb": [
        null,
        null,
        null,
        null,
        null,
        null,
        null
      ],
      "/Users/JonathanThom/Desktop/pr-city/config/initializers/cookies_serializer.rb": [
        null,
        null,
        null,
        null,
        1
      ],
      "/Users/JonathanThom/Desktop/pr-city/config/initializers/devise.rb": [
        null,
        null,
        1,
        null,
        null,
        null,
        null,
        null,
        null,
        null,
        null,
        null,
        null,
        null,
        1,
        null,
        null,
        null,
        null,
        null,
        null,
        null,
        null,
        null,
        null,
        null,
        1,
        null,
        null,
        null,
        null,
        null,
        null,
        null,
        null,
        null,
        null,
        null,
        null,
        null,
        null,
        null,
        null,
        null,
        null,
        null,
        null,
        null,
        1,
        null,
        null,
        null,
        null,
        1,
        null,
        null,
        null,
        null,
        null,
        null,
        null,
        null,
        null,
        null,
        null,
        null,
        null,
        null,
        null,
        null,
        null,
        null,
        null,
        null,
        null,
        null,
        null,
        null,
        null,
        null,
        null,
        null,
        null,
        null,
        1,
        null,
        null,
        null,
        null,
        null,
        null,
        null,
        null,
        null,
        null,
        null,
        null,
        null,
        null,
        null,
        null,
        null,
        null,
        null,
        null,
        null,
        null,
        1,
        null,
        null,
        null,
        null,
        null,
        null,
        null,
        null,
        null,
        null,
        null,
        null,
        null,
        null,
        null,
        null,
        null,
        null,
        null,
        null,
        null,
        null,
        null,
        null,
        null,
        null,
        null,
        1,
        null,
        null,
        null,
        null,
        null,
        null,
        null,
        null,
        null,
        1,
        null,
        null,
        null,
        null,
        null,
        null,
        null,
        null,
        null,
        null,
        1,
        null,
        null,
        null,
        null,
        1,
        null,
        null,
        null,
        null,
        null,
        null,
        null,
        null,
        null,
        null,
        null,
        null,
        null,
        null,
        null,
        null,
        null,
        null,
        null,
        null,
        null,
        null,
        null,
        null,
        null,
        null,
        null,
        null,
        null,
        null,
        null,
        null,
        null,
        null,
        null,
        null,
        null,
        null,
        null,
        null,
        1,
        null,
        null,
        null,
        null,
        null,
        null,
        null,
        null,
        null,
        null,
        null,
        null,
        null,
        null,
        null,
        null,
        null,
        null,
        null,
        1,
        null,
        null,
        null,
        null,
        null,
        null,
        null,
        null,
        null,
        null,
        null,
        null,
        null,
        null,
        null,
        null,
        null,
        null,
        null,
        null,
        null,
        1,
        null,
        null,
        null,
        null,
        null,
        null,
        null,
        null,
        null,
        null,
        null,
        null,
        null,
        null,
        null,
        null,
        null,
        null,
        null,
        null,
        null,
        null,
        null,
        null,
        null,
        null,
        null,
        null,
        null
      ],
      "/Users/JonathanThom/Desktop/pr-city/config/initializers/filter_parameter_logging.rb": [
        null,
        null,
        null,
        1
      ],
      "/Users/JonathanThom/Desktop/pr-city/config/initializers/inflections.rb": [
        null,
        null,
        null,
        null,
        null,
        null,
        null,
        null,
        null,
        null,
        null,
        null,
        null,
        null,
        null,
        null
      ],
      "/Users/JonathanThom/Desktop/pr-city/config/initializers/mime_types.rb": [
        null,
        null,
        null,
        null
      ],
      "/Users/JonathanThom/Desktop/pr-city/config/initializers/new_framework_defaults.rb": [
        null,
        null,
        null,
        null,
        null,
        null,
        null,
        1,
        null,
        null,
        1,
        null,
        null,
        null,
        1,
        null,
        null,
        1,
        null,
        null,
        1,
        null,
        null,
        1
      ],
      "/Users/JonathanThom/Desktop/pr-city/config/initializers/session_store.rb": [
        null,
        null,
        1
      ],
      "/Users/JonathanThom/Desktop/pr-city/config/initializers/wrap_parameters.rb": [
        null,
        null,
        null,
        null,
        null,
        null,
        1,
        2,
        null,
        null,
        null,
        null,
        null,
        null
      ],
      "/Users/JonathanThom/Desktop/pr-city/config/routes.rb": [
        1,
        1,
        1,
        1,
        null,
        1,
        null
      ],
      "/Users/JonathanThom/Desktop/pr-city/app/models/user.rb": [
        1,
        null,
        null,
        1,
        null,
        1,
        1,
        null,
        1,
        1,
        null,
        null
      ],
      "/Users/JonathanThom/Desktop/pr-city/app/models/application_record.rb": [
        1,
        1,
        null
      ],
      "/Users/JonathanThom/Desktop/pr-city/app/controllers/application_controller.rb": [
        1,
        1,
        null,
        1,
        0,
        null,
        null
      ],
      "/Users/JonathanThom/Desktop/pr-city/app/helpers/application_helper.rb": [
        1,
        null
      ],
      "/Users/JonathanThom/Desktop/pr-city/app/helpers/home_helper.rb": [
        1,
        null
      ],
      "/Users/JonathanThom/Desktop/pr-city/app/channels/application_cable/channel.rb": [
        1,
        1,
        null,
        null
      ],
      "/Users/JonathanThom/Desktop/pr-city/app/channels/application_cable/connection.rb": [
        1,
        1,
        null,
        null
      ],
      "/Users/JonathanThom/Desktop/pr-city/app/controllers/exercises_controller.rb": [
        1,
        null
      ],
      "/Users/JonathanThom/Desktop/pr-city/app/controllers/home_controller.rb": [
        1,
        1,
        null,
        null
      ],
      "/Users/JonathanThom/Desktop/pr-city/app/controllers/registrations_controller.rb": [
        1,
        null,
        1,
        null,
        1,
        0,
        null,
        null,
        1,
        0,
        null,
        null
      ],
      "/Users/JonathanThom/Desktop/pr-city/app/controllers/users_controller.rb": [
        1,
        1,
        1,
        0,
        null,
        null
      ],
      "/Users/JonathanThom/Desktop/pr-city/app/jobs/application_job.rb": [
        1,
        null
      ],
      "/Users/JonathanThom/Desktop/pr-city/app/mailers/application_mailer.rb": [
        1,
        1,
        1,
        null
      ],
      "/Users/JonathanThom/Desktop/pr-city/app/models/exercise.rb": [
        1,
        1,
        1,
        1,
        null
      ],
      "/Users/JonathanThom/Desktop/pr-city/spec/factories/users.rb": [
        1,
        1,
        null,
        null,
        null
      ],
      "/Users/JonathanThom/Desktop/pr-city/spec/support/factory_girl.rb": [
        1,
        1,
        null
      ],
      "/Users/JonathanThom/Desktop/pr-city/spec/support/share_db_connection.rb": [
        1,
        1,
        1,
        null,
        1,
        59,
        null,
        null,
        null,
        null,
        null,
        1
      ],
      "/Users/JonathanThom/Desktop/pr-city/spec/helpers/home_helper_spec.rb": [
        1,
        null,
        null,
        null,
        null,
        null,
        null,
        null,
        null,
        null,
        null,
        null,
        1,
        1,
        null
      ],
      "/Users/JonathanThom/Desktop/pr-city/spec/models/exercise_spec.rb": [
        1,
        null,
        1,
        2,
        2,
        2,
        2,
        2,
        null
      ],
      "/Users/JonathanThom/Desktop/pr-city/spec/models/user_spec.rb": [
        1,
        null,
        1,
        2,
        2,
        2,
        null,
        1,
        1,
        1,
        1,
        null,
        null,
        null
      ]
    },
    "timestamp": 1489692818
  }
}
